<?xml version="1.0" encoding="UTF-8"?>
<!-- Generated by org.testng.reporters.JUnitReportReporter -->
<testsuite hostname="DESKTOP-5EI2T52" failures="0" tests="1" name="loyality.cosmos" time="18.686" errors="0" timestamp="2024-03-12T10:43:40 IST" skipped="0">
  <testcase classname="loyality.cosmos" name="cosmoslogin" time="18.686"/>
</testsuite> <!-- loyality.cosmos -->
