<?xml version="1.0" encoding="UTF-8"?>
<!-- Generated by org.testng.reporters.JUnitReportReporter -->
<testsuite hostname="DESKTOP-5EI2T52" failures="0" tests="5" name="loyality.Login" time="121.055" errors="0" timestamp="2024-04-17T12:23:12 IST" skipped="0">
  <testcase classname="loyality.Login" name="verifyloginWithValidCredentials" time="21.097"/>
  <testcase classname="loyality.Login" name="verifyloginWithnulldata" time="19.120"/>
  <testcase classname="loyality.Login" name="verifyloginWithinValididAndInValidPassword" time="46.303"/>
  <testcase classname="loyality.Login" name="verifyloginWithinValidPasswordAndInValidId" time="17.111"/>
  <testcase classname="loyality.Login" name="verifyloginWithinValidCredentials" time="17.424"/>
</testsuite> <!-- loyality.Login -->
